<?xml version="1.0" encoding="UTF-8"?>
<testng-results skipped="0" failed="0" ignored="0" total="1" passed="1">
  <reporter-output>
  </reporter-output>
  <suite name="Command line suite" duration-ms="20" started-at="2020-09-15T22:23:37 IST" finished-at="2020-09-15T22:23:37 IST">
    <groups>
    </groups>
    <test name="Command line test" duration-ms="20" started-at="2020-09-15T22:23:37 IST" finished-at="2020-09-15T22:23:37 IST">
      <class name="com.w2a.webDriverMaven.AppTest">
        <test-method status="PASS" signature="testApp()[pri:0, instance:testApp(com.w2a.webDriverMaven.AppTest)]" name="testApp" duration-ms="2" started-at="2020-09-15T22:23:37 IST" finished-at="2020-09-15T22:23:37 IST">
          <reporter-output>
          </reporter-output>
        </test-method> <!-- testApp -->
      </class> <!-- com.w2a.webDriverMaven.AppTest -->
    </test> <!-- Command line test -->
  </suite> <!-- Command line suite -->
</testng-results>
